[35m[Appium][39m Welcome to Appium v1.22.3
[35m[Appium][39m Non-default server args:
[35m[Appium][39m   port: 52406
[35m[Appium][39m   loglevel: info
[35m[Appium][39m   tmpDir: C:\Users\Pavilion\AppData\Local\Temp\\Katalon\Appium\Temp1693377142515
[35m[Appium][39m   chromedriverPort: 52407
[35m[Appium][39m Deprecated server args:
[35m[Appium][39m   [31m--chromedriver-port[39m => --default-capabilities
[35m[Appium][39m Default capabilities, which will be added to each request unless overridden by desired capabilities:
[35m[Appium][39m   chromedriverPort: 52407
[35m[Appium][39m Appium REST http interface listener started on 0.0.0.0:52406
[35m[HTTP][39m [37m-->[39m [37mGET[39m [37m/wd/hub/status[39m
[35m[HTTP][39m [90m{}[39m
[35m[HTTP][39m [37m<-- GET /wd/hub/status [39m[32m200[39m [90m10 ms - 68[39m
[35m[HTTP][39m [90m[39m
[35m[HTTP][39m [37m-->[39m [37mGET[39m [37m/wd/hub/status[39m
[35m[HTTP][39m [90m{}[39m
[35m[HTTP][39m [37m<-- GET /wd/hub/status [39m[32m200[39m [90m2 ms - 68[39m
[35m[HTTP][39m [90m[39m
[35m[HTTP][39m [37m-->[39m [37mPOST[39m [37m/wd/hub/session[39m
[35m[HTTP][39m [90m{"desiredCapabilities":{"app":"C:\\Users\\Pavilion\\Katalon Studio\\Automate\\EduApp\\mobileapp\\CalculatorKtlon.apk","noReset":true,"deviceName":"INFINIX MOBILITY LIMITED Infinix X688B (Android 11)","fullReset":false,"platform":"ANDROID","newCommandTimeout":1800,"platformVersion":"11","automationName":"uiautomator2","autoGrantPermissions":true,"platformName":"Android","udid":"07682251BR001709","systemPort":52415},"capabilities":{"firstMatch":[{"appium:app":"C:\\Users\\Pavilion\\Katalon Studio\\Automate\\EduApp\\mobileapp\\CalculatorKtlon.apk","appium:autoGrantPermissions":true,"appium:automationName":"uiautomator2","appium:deviceName":"INFINIX MOBILITY LIMITED Infinix X688B (Android 11)","appium:fullReset":false,"appium:newCommandTimeout":1800,"appium:noReset":true,"platform":"ANDROID","platformName":"android","appium:platformVersion":"11","appium:systemPort":52415,"appium:udid":"07682251BR001709"}]}}[39m
[35m[BaseDriver][39m The following capabilities are not standard capabilities and should have an extension prefix:
[35m[BaseDriver][39m   platform
[35m[BaseDriver][39m   chromedriverPort
[35m[Appium][39m Appium v1.22.3 creating new AndroidUiautomator2Driver (v1.70.1) session
[35m[BaseDriver][39m The following capabilities were provided, but are not recognized by Appium:
[35m[BaseDriver][39m   platform
[35m[BaseDriver][39m Session created with session id: fc3c1b35-9141-49dc-bc0c-33fa1498782e
[35m[BaseDriver][39m Using local app 'C:\Users\Pavilion\Katalon Studio\Automate\EduApp\mobileapp\CalculatorKtlon.apk'
[35m[ADB][39m Found 2 'build-tools' folders under 'C:\Users\Pavilion\AppData\Local\Android\Sdk' (newest first):
[35m[ADB][39m     C:/Users/Pavilion/AppData/Local/Android/Sdk/build-tools/28.0.3
[35m[ADB][39m     C:/Users/Pavilion/AppData/Local/Android/Sdk/build-tools/23.0.1
[35m[ADB][39m Using 'adb.exe' from 'C:\Users\Pavilion\AppData\Local\Android\Sdk\platform-tools\adb.exe'
[35m[AndroidDriver][39m Retrieving device list
[35m[AndroidDriver][39m Using device: 07682251BR001709
[35m[ADB][39m Using 'adb.exe' from 'C:\Users\Pavilion\AppData\Local\Android\Sdk\platform-tools\adb.exe'
[35m[ADB][39m Getting device platform version
[35m[UiAutomator2][39m Relaxing hidden api policy
[35m[ADB][39m Package name: 'com.google.android.calculator'
[35m[ADB][39m Main activity name: 'com.android.calculator2.Calculator'
[35m[ADB][39m Using 'apksigner.jar' from 'C:\Users\Pavilion\AppData\Local\Android\Sdk\build-tools\28.0.3\lib\apksigner.jar'
[35m[ADB][39m 'C:\Users\Pavilion\AppData\Roaming\npm\node_modules\appium\node_modules\appium-uiautomator2-server\apks\appium-uiautomator2-server-v4.27.0.apk' is signed with the default certificate
[35m[ADB][39m 'C:\Users\Pavilion\AppData\Roaming\npm\node_modules\appium\node_modules\appium-uiautomator2-server\apks\appium-uiautomator2-server-debug-androidTest.apk' is signed with the default certificate
[35m[UiAutomator2][39m Server packages are not going to be (re)installed
[35m[ADB][39m Adding packages ["io.appium.settings","io.appium.uiautomator2.server","io.appium.uiautomator2.server.test"] to Doze whitelist
[35m[ADB][39m 'C:\Users\Pavilion\Katalon Studio\Automate\EduApp\mobileapp\CalculatorKtlon.apk' is signed with the default certificate
[35m[ADB][39m The application at 'C:\Users\Pavilion\Katalon Studio\Automate\EduApp\mobileapp\CalculatorKtlon.apk' will not be cached, because the device under test has confirmed the support of streamed installs
[35m[ADB][39m The installation of 'CalculatorKtlon.apk' took 2571ms
[35m[UiAutomator2][39m Starting UIAutomator2 server 4.27.0
[35m[UiAutomator2][39m Using UIAutomator2 server from 'C:\Users\Pavilion\AppData\Roaming\npm\node_modules\appium\node_modules\appium-uiautomator2-server\apks\appium-uiautomator2-server-v4.27.0.apk' and test from 'C:\Users\Pavilion\AppData\Roaming\npm\node_modules\appium\node_modules\appium-uiautomator2-server\apks\appium-uiautomator2-server-debug-androidTest.apk'
[35m[UiAutomator2][39m Waiting up to 30000ms for UiAutomator2 to be online...
[35m[WD Proxy][39m socket hang up
[35m[WD Proxy][39m socket hang up
[35m[WD Proxy][39m socket hang up
[35m[WD Proxy][39m socket hang up
[35m[WD Proxy][39m Determined the downstream protocol as 'W3C'
[35m[AndroidDriver][39m Screen already unlocked, doing nothing
[35m[UiAutomator2][39m Starting 'com.google.android.calculator/com.android.calculator2.Calculator and waiting for 'com.google.android.calculator/com.android.calculator2.Calculator'
[35m[Appium][39m New AndroidUiautomator2Driver session created successfully, session fc3c1b35-9141-49dc-bc0c-33fa1498782e added to master session list
[35m[HTTP][39m [37m<-- POST /wd/hub/session [39m[32m200[39m [90m16416 ms - 1401[39m
[35m[HTTP][39m [90m[39m
[35m[HTTP][39m [37m-->[39m [37mGET[39m [37m/wd/hub/session/fc3c1b35-9141-49dc-bc0c-33fa1498782e[39m
[35m[HTTP][39m [90m{}[39m
[35m[HTTP][39m [37m<-- GET /wd/hub/session/fc3c1b35-9141-49dc-bc0c-33fa1498782e [39m[32m200[39m [90m32 ms - 1355[39m
[35m[HTTP][39m [90m[39m
[35m[HTTP][39m [37m-->[39m [37mGET[39m [37m/wd/hub/session/fc3c1b35-9141-49dc-bc0c-33fa1498782e[39m
[35m[HTTP][39m [90m{}[39m
[35m[HTTP][39m [37m<-- GET /wd/hub/session/fc3c1b35-9141-49dc-bc0c-33fa1498782e [39m[32m200[39m [90m26 ms - 1355[39m
[35m[HTTP][39m [90m[39m
[35m[HTTP][39m [37m-->[39m [37mGET[39m [37m/wd/hub/status[39m
[35m[HTTP][39m [90m{}[39m
[35m[HTTP][39m [37m<-- GET /wd/hub/status [39m[32m200[39m [90m1 ms - 68[39m
[35m[HTTP][39m [90m[39m
[35m[HTTP][39m [37m-->[39m [37mPOST[39m [37m/wd/hub/session/fc3c1b35-9141-49dc-bc0c-33fa1498782e/timeouts[39m
[35m[HTTP][39m [90m{"implicit":60000}[39m
[35m[HTTP][39m [37m<-- POST /wd/hub/session/fc3c1b35-9141-49dc-bc0c-33fa1498782e/timeouts [39m[32m200[39m [90m3 ms - 14[39m
[35m[HTTP][39m [90m[39m
[35m[HTTP][39m [37m-->[39m [37mGET[39m [37m/wd/hub/session/fc3c1b35-9141-49dc-bc0c-33fa1498782e/source[39m
[35m[HTTP][39m [90m{}[39m
[35m[W3C (fc3c1b35)][39m Driver proxy active, passing request on via HTTP proxy
[35m[WD Proxy][39m Replacing sessionId aecef254-9bf7-4465-9a4c-ed84b8210da1 with fc3c1b35-9141-49dc-bc0c-33fa1498782e
[35m[HTTP][39m [37m<-- GET /wd/hub/session/fc3c1b35-9141-49dc-bc0c-33fa1498782e/source [39m[32m200[39m [90m591 ms - 20062[39m
[35m[HTTP][39m [90m[39m
[35m[HTTP][39m [37m-->[39m [37mGET[39m [37m/wd/hub/session/fc3c1b35-9141-49dc-bc0c-33fa1498782e/screenshot[39m
[35m[HTTP][39m [90m{}[39m
[35m[HTTP][39m [37m<-- GET /wd/hub/session/fc3c1b35-9141-49dc-bc0c-33fa1498782e/screenshot [39m[32m200[39m [90m595 ms - 122732[39m
[35m[HTTP][39m [90m[39m
[35m[HTTP][39m [37m-->[39m [37mPOST[39m [37m/wd/hub/session/fc3c1b35-9141-49dc-bc0c-33fa1498782e/elements[39m
[35m[HTTP][39m [90m{"using":"xpath","value":"//*[@class = 'android.widget.Button' and (@text = '0' or . = '0') and @resource-id = 'com.google.android.calculator:id/digit_0']"}[39m
[35m[HTTP][39m [37m<-- POST /wd/hub/session/fc3c1b35-9141-49dc-bc0c-33fa1498782e/elements [39m[32m200[39m [90m918 ms - 139[39m
[35m[HTTP][39m [90m[39m
[35m[HTTP][39m [37m-->[39m [37mPOST[39m [37m/wd/hub/session/fc3c1b35-9141-49dc-bc0c-33fa1498782e/elements[39m
[35m[HTTP][39m [90m{"using":"xpath","value":"//*[@class = 'android.widget.Button' and (@text = '1' or . = '1') and @resource-id = 'com.google.android.calculator:id/digit_1']"}[39m
[35m[HTTP][39m [37m<-- POST /wd/hub/session/fc3c1b35-9141-49dc-bc0c-33fa1498782e/elements [39m[32m200[39m [90m262 ms - 139[39m
[35m[HTTP][39m [90m[39m
[35m[HTTP][39m [37m-->[39m [37mPOST[39m [37m/wd/hub/session/fc3c1b35-9141-49dc-bc0c-33fa1498782e/elements[39m
[35m[HTTP][39m [90m{"using":"xpath","value":"//*[@class = 'android.widget.Button' and (@text = '2' or . = '2') and @resource-id = 'com.google.android.calculator:id/digit_2']"}[39m
[35m[HTTP][39m [37m<-- POST /wd/hub/session/fc3c1b35-9141-49dc-bc0c-33fa1498782e/elements [39m[32m200[39m [90m243 ms - 139[39m
[35m[HTTP][39m [90m[39m
[35m[HTTP][39m [37m-->[39m [37mPOST[39m [37m/wd/hub/session/fc3c1b35-9141-49dc-bc0c-33fa1498782e/elements[39m
[35m[HTTP][39m [90m{"using":"xpath","value":"//*[@class = 'android.widget.Button' and (@text = '3' or . = '3') and @resource-id = 'com.google.android.calculator:id/digit_3']"}[39m
[35m[HTTP][39m [37m<-- POST /wd/hub/session/fc3c1b35-9141-49dc-bc0c-33fa1498782e/elements [39m[32m200[39m [90m222 ms - 139[39m
[35m[HTTP][39m [90m[39m
[35m[HTTP][39m [37m-->[39m [37mPOST[39m [37m/wd/hub/session/fc3c1b35-9141-49dc-bc0c-33fa1498782e/elements[39m
[35m[HTTP][39m [90m{"using":"xpath","value":"//*[@class = 'android.widget.Button' and (@text = '4' or . = '4') and @resource-id = 'com.google.android.calculator:id/digit_4']"}[39m
[35m[HTTP][39m [37m<-- POST /wd/hub/session/fc3c1b35-9141-49dc-bc0c-33fa1498782e/elements [39m[32m200[39m [90m190 ms - 139[39m
[35m[HTTP][39m [90m[39m
[35m[HTTP][39m [37m-->[39m [37mPOST[39m [37m/wd/hub/session/fc3c1b35-9141-49dc-bc0c-33fa1498782e/elements[39m
[35m[HTTP][39m [90m{"using":"xpath","value":"//*[@class = 'android.widget.Button' and (@text = '5' or . = '5') and @resource-id = 'com.google.android.calculator:id/digit_5']"}[39m
[35m[HTTP][39m [37m<-- POST /wd/hub/session/fc3c1b35-9141-49dc-bc0c-33fa1498782e/elements [39m[32m200[39m [90m183 ms - 139[39m
[35m[HTTP][39m [90m[39m
[35m[HTTP][39m [37m-->[39m [37mPOST[39m [37m/wd/hub/session/fc3c1b35-9141-49dc-bc0c-33fa1498782e/elements[39m
[35m[HTTP][39m [90m{"using":"xpath","value":"//*[@class = 'android.widget.Button' and (@text = '6' or . = '6') and @resource-id = 'com.google.android.calculator:id/digit_6']"}[39m
[35m[HTTP][39m [37m<-- POST /wd/hub/session/fc3c1b35-9141-49dc-bc0c-33fa1498782e/elements [39m[32m200[39m [90m687 ms - 139[39m
[35m[HTTP][39m [90m[39m
[35m[HTTP][39m [37m-->[39m [37mPOST[39m [37m/wd/hub/session/fc3c1b35-9141-49dc-bc0c-33fa1498782e/elements[39m
[35m[HTTP][39m [90m{"using":"xpath","value":"//*[@class = 'android.widget.Button' and (@text = '7' or . = '7') and @resource-id = 'com.google.android.calculator:id/digit_7']"}[39m
[35m[HTTP][39m [37m<-- POST /wd/hub/session/fc3c1b35-9141-49dc-bc0c-33fa1498782e/elements [39m[32m200[39m [90m686 ms - 139[39m
[35m[HTTP][39m [90m[39m
[35m[HTTP][39m [37m-->[39m [37mPOST[39m [37m/wd/hub/session/fc3c1b35-9141-49dc-bc0c-33fa1498782e/elements[39m
[35m[HTTP][39m [90m{"using":"xpath","value":"//*[@class = 'android.widget.Button' and (@text = '8' or . = '8') and @resource-id = 'com.google.android.calculator:id/digit_8']"}[39m
[35m[HTTP][39m [37m<-- POST /wd/hub/session/fc3c1b35-9141-49dc-bc0c-33fa1498782e/elements [39m[32m200[39m [90m365 ms - 139[39m
[35m[HTTP][39m [90m[39m
[35m[HTTP][39m [37m-->[39m [37mPOST[39m [37m/wd/hub/session/fc3c1b35-9141-49dc-bc0c-33fa1498782e/elements[39m
[35m[HTTP][39m [90m{"using":"xpath","value":"//*[@class = 'android.widget.Button' and (@text = '9' or . = '9') and @resource-id = 'com.google.android.calculator:id/digit_9']"}[39m
[35m[HTTP][39m [37m<-- POST /wd/hub/session/fc3c1b35-9141-49dc-bc0c-33fa1498782e/elements [39m[32m200[39m [90m166 ms - 139[39m
[35m[HTTP][39m [90m[39m
[35m[HTTP][39m [37m-->[39m [37mPOST[39m [37m/wd/hub/session/fc3c1b35-9141-49dc-bc0c-33fa1498782e/elements[39m
[35m[HTTP][39m [90m{"using":"xpath","value":"//*[@class = 'android.widget.Button' and (@text = '•' or . = '•') and @resource-id = 'com.google.android.calculator:id/dec_point']"}[39m
[35m[HTTP][39m [37m<-- POST /wd/hub/session/fc3c1b35-9141-49dc-bc0c-33fa1498782e/elements [39m[32m200[39m [90m136 ms - 139[39m
[35m[HTTP][39m [90m[39m
[35m[HTTP][39m [37m-->[39m [37mPOST[39m [37m/wd/hub/session/fc3c1b35-9141-49dc-bc0c-33fa1498782e/elements[39m
[35m[HTTP][39m [90m{"using":"xpath","value":"//*[@class = 'android.widget.Button' and (@text = '⌫' or . = '⌫') and @resource-id = 'com.google.android.calculator:id/del']"}[39m
[35m[HTTP][39m [37m<-- POST /wd/hub/session/fc3c1b35-9141-49dc-bc0c-33fa1498782e/elements [39m[32m200[39m [90m602 ms - 139[39m
[35m[HTTP][39m [90m[39m
[35m[HTTP][39m [37m-->[39m [37mPOST[39m [37m/wd/hub/session/fc3c1b35-9141-49dc-bc0c-33fa1498782e/elements[39m
[35m[HTTP][39m [90m{"using":"xpath","value":"//*[@class = 'android.widget.Button' and (@text = '=' or . = '=') and @resource-id = 'com.google.android.calculator:id/eq']"}[39m
[35m[HTTP][39m [37m<-- POST /wd/hub/session/fc3c1b35-9141-49dc-bc0c-33fa1498782e/elements [39m[32m200[39m [90m140 ms - 139[39m
[35m[HTTP][39m [90m[39m
[35m[HTTP][39m [37m-->[39m [37mPOST[39m [37m/wd/hub/session/fc3c1b35-9141-49dc-bc0c-33fa1498782e/elements[39m
[35m[HTTP][39m [90m{"using":"xpath","value":"//*[@class = 'android.widget.Button' and (@text = '+' or . = '+') and @resource-id = 'com.google.android.calculator:id/op_add']"}[39m
[35m[HTTP][39m [37m<-- POST /wd/hub/session/fc3c1b35-9141-49dc-bc0c-33fa1498782e/elements [39m[32m200[39m [90m153 ms - 139[39m
[35m[HTTP][39m [90m[39m
[35m[HTTP][39m [37m-->[39m [37mPOST[39m [37m/wd/hub/session/fc3c1b35-9141-49dc-bc0c-33fa1498782e/elements[39m
[35m[HTTP][39m [90m{"using":"xpath","value":"//*[@class = 'android.widget.Button' and (@text = '−' or . = '−') and @resource-id = 'com.google.android.calculator:id/op_sub']"}[39m
[35m[HTTP][39m [37m<-- POST /wd/hub/session/fc3c1b35-9141-49dc-bc0c-33fa1498782e/elements [39m[32m200[39m [90m139 ms - 139[39m
[35m[HTTP][39m [90m[39m
[35m[HTTP][39m [37m-->[39m [37mPOST[39m [37m/wd/hub/session/fc3c1b35-9141-49dc-bc0c-33fa1498782e/elements[39m
[35m[HTTP][39m [90m{"using":"xpath","value":"//*[@class = 'android.widget.Button' and (@text = '×' or . = '×') and @resource-id = 'com.google.android.calculator:id/op_mul']"}[39m
[35m[HTTP][39m [37m<-- POST /wd/hub/session/fc3c1b35-9141-49dc-bc0c-33fa1498782e/elements [39m[32m200[39m [90m158 ms - 139[39m
[35m[HTTP][39m [90m[39m
[35m[HTTP][39m [37m-->[39m [37mPOST[39m [37m/wd/hub/session/fc3c1b35-9141-49dc-bc0c-33fa1498782e/elements[39m
[35m[HTTP][39m [90m{"using":"xpath","value":"//*[@class = 'android.widget.Button' and (@text = '÷' or . = '÷') and @resource-id = 'com.google.android.calculator:id/op_div']"}[39m
[35m[HTTP][39m [37m<-- POST /wd/hub/session/fc3c1b35-9141-49dc-bc0c-33fa1498782e/elements [39m[32m200[39m [90m141 ms - 139[39m
[35m[HTTP][39m [90m[39m
[35m[HTTP][39m [37m-->[39m [37mDELETE[39m [37m/wd/hub/session/fc3c1b35-9141-49dc-bc0c-33fa1498782e[39m
[35m[HTTP][39m [90m{}[39m
[35m[Appium][39m Removing session fc3c1b35-9141-49dc-bc0c-33fa1498782e from our master session list
[35m[UiAutomator2][39m Restoring hidden api policy to the device default configuration
[35m[HTTP][39m [37m<-- DELETE /wd/hub/session/fc3c1b35-9141-49dc-bc0c-33fa1498782e [39m[32m200[39m [90m579 ms - 14[39m
[35m[HTTP][39m [90m[39m
